c:\users\jacob\downloads\lu-jacob project 2 imgd 3000\dragonfly\lu-jacob.70918161\x64\debug\vc143.pdb
c:\users\jacob\downloads\lu-jacob project 2 imgd 3000\dragonfly\lu-jacob.70918161\x64\debug\vc143.idb
c:\users\jacob\downloads\lu-jacob project 2 imgd 3000\dragonfly\lu-jacob.70918161\x64\debug\manager.obj
c:\users\jacob\downloads\lu-jacob project 2 imgd 3000\dragonfly\lu-jacob.70918161\x64\debug\game.obj
c:\users\jacob\downloads\lu-jacob project 2 imgd 3000\dragonfly\lu-jacob.70918161\x64\debug\logmanager.obj
c:\users\jacob\downloads\lu-jacob project 2 imgd 3000\dragonfly\lu-jacob.70918161\x64\debug\test.obj
c:\users\jacob\downloads\lu-jacob project 2 imgd 3000\dragonfly\lu-jacob.70918161\x64\debug\vector.obj
c:\users\jacob\downloads\lu-jacob project 2 imgd 3000\dragonfly\lu-jacob.70918161\x64\debug\objectlist.obj
c:\users\jacob\downloads\lu-jacob project 2 imgd 3000\dragonfly\lu-jacob.70918161\x64\debug\object.obj
c:\users\jacob\downloads\lu-jacob project 2 imgd 3000\dragonfly\lu-jacob.70918161\x64\debug\event.obj
c:\users\jacob\downloads\lu-jacob project 2 imgd 3000\dragonfly\lu-jacob.70918161\x64\debug\worldmanager.obj
c:\users\jacob\downloads\lu-jacob project 2 imgd 3000\dragonfly\lu-jacob.70918161\x64\debug\saucer.obj
c:\users\jacob\downloads\lu-jacob project 2 imgd 3000\dragonfly\lu-jacob.70918161\x64\debug\eventstep.obj
c:\users\jacob\downloads\lu-jacob project 2 imgd 3000\dragonfly\lu-jacob.70918161\x64\debug\gamemanager.obj
c:\users\jacob\downloads\lu-jacob project 2 imgd 3000\dragonfly\lu-jacob.70918161\x64\debug\clock.obj
c:\users\jacob\downloads\lu-jacob project 2 imgd 3000\dragonfly\x64\debug\lu-jacob project 2 imgd 3000.exe
c:\users\jacob\downloads\lu-jacob project 2 imgd 3000\dragonfly\x64\debug\lu-jacob project 2 imgd 3000.pdb
c:\users\jacob\downloads\lu-jacob project 2 imgd 3000\dragonfly\lu-jacob.70918161\x64\debug\lu-jacob project 2 imgd 3000.ilk
c:\users\jacob\downloads\lu-jacob project 2 imgd 3000\dragonfly\lu-jacob.70918161\x64\debug\lu-jacob.70918161.tlog\cl.command.1.tlog
c:\users\jacob\downloads\lu-jacob project 2 imgd 3000\dragonfly\lu-jacob.70918161\x64\debug\lu-jacob.70918161.tlog\cl.items.tlog
c:\users\jacob\downloads\lu-jacob project 2 imgd 3000\dragonfly\lu-jacob.70918161\x64\debug\lu-jacob.70918161.tlog\cl.read.1.tlog
c:\users\jacob\downloads\lu-jacob project 2 imgd 3000\dragonfly\lu-jacob.70918161\x64\debug\lu-jacob.70918161.tlog\cl.write.1.tlog
c:\users\jacob\downloads\lu-jacob project 2 imgd 3000\dragonfly\lu-jacob.70918161\x64\debug\lu-jacob.70918161.tlog\link.command.1.tlog
c:\users\jacob\downloads\lu-jacob project 2 imgd 3000\dragonfly\lu-jacob.70918161\x64\debug\lu-jacob.70918161.tlog\link.read.1.tlog
c:\users\jacob\downloads\lu-jacob project 2 imgd 3000\dragonfly\lu-jacob.70918161\x64\debug\lu-jacob.70918161.tlog\link.secondary.1.tlog
c:\users\jacob\downloads\lu-jacob project 2 imgd 3000\dragonfly\lu-jacob.70918161\x64\debug\lu-jacob.70918161.tlog\link.write.1.tlog
